<?xml version="1.0" encoding="UTF-8"?>
<!-- Generated by org.testng.reporters.JUnitReportReporter -->
<testsuite hostname="DESKTOP-440PJJA" failures="0" tests="6" name="TestNG.Invocation" time="0.032" errors="0" timestamp="17 May 2023 08:47:37 GMT">
  <testcase classname="TestNG.Invocation" name="SignUp" time="0.009"/>
  <testcase classname="TestNG.Invocation" name="Login" time="0.003"/>
  <testcase classname="TestNG.Invocation" name="addToCart" time="0.005"/>
  <testcase classname="TestNG.Invocation" name="addToCart" time="0.007"/>
  <testcase classname="TestNG.Invocation" name="SignUp" time="0.001"/>
  <testcase classname="TestNG.Invocation" name="addToCart" time="0.007"/>
</testsuite> <!-- TestNG.Invocation -->
