<?xml version="1.0" encoding="UTF-8"?>
<!-- Generated by org.testng.reporters.JUnitReportReporter -->
<testsuite hostname="DESKTOP-440PJJA" failures="0" tests="1" name="TestNG.LearnAttributes2" time="3.869" errors="0" timestamp="17 May 2023 08:47:37 GMT">
  <testcase classname="TestNG.LearnAttributes2" name="FindElements2" time="3.869"/>
</testsuite> <!-- TestNG.LearnAttributes2 -->
