<?xml version="1.0" encoding="UTF-8"?>
<!-- Generated by org.testng.reporters.JUnitReportReporter -->
<testsuite hostname="DESKTOP-440PJJA" failures="0" tests="2" name="TestNG.LearnDataProvider" time="10.706" errors="0" timestamp="16 May 2023 17:44:04 GMT">
  <testcase classname="TestNG.LearnDataProvider" name="Login" time="4.958"/>
  <testcase classname="TestNG.LearnDataProvider" name="Login" time="5.748"/>
</testsuite> <!-- TestNG.LearnDataProvider -->
