<?xml version="1.0" encoding="UTF-8"?>
<!-- Generated by org.testng.reporters.JUnitReportReporter -->
<testsuite hostname="DESKTOP-440PJJA" failures="0" tests="2" name="TestNG.LearnDataProviderClass" time="16.745" errors="0" timestamp="17 May 2023 08:20:31 GMT">
  <testcase classname="TestNG.LearnDataProviderClass" name="Login" time="8.178"/>
  <testcase classname="TestNG.LearnDataProviderClass" name="Login" time="8.567"/>
</testsuite> <!-- TestNG.LearnDataProviderClass -->
