<?xml version="1.0" encoding="UTF-8"?>
<!-- Generated by org.testng.reporters.JUnitReportReporter -->
<testsuite hostname="DESKTOP-440PJJA" failures="0" tests="2" name="TestNG.CrossBrowserPassParameter" time="23.988" errors="0" timestamp="16 May 2023 14:36:39 GMT">
  <testcase classname="TestNG.CrossBrowserPassParameter" name="LogIn" time="11.096"/>
  <testcase classname="TestNG.CrossBrowserPassParameter" name="LogIn" time="12.892"/>
</testsuite> <!-- TestNG.CrossBrowserPassParameter -->
