<?xml version="1.0" encoding="UTF-8"?>
<!-- Generated by org.testng.reporters.JUnitReportReporter -->
<testsuite hostname="DESKTOP-440PJJA" failures="0" tests="2" name="TestNG.LearnDataProviderFromDifferentClass" time="18.324" errors="0" timestamp="17 May 2023 04:15:40 GMT">
  <testcase classname="TestNG.LearnDataProviderFromDifferentClass" name="Login" time="8.793"/>
  <testcase classname="TestNG.LearnDataProviderFromDifferentClass" name="Login" time="9.531"/>
</testsuite> <!-- TestNG.LearnDataProviderFromDifferentClass -->
