<?xml version="1.0" encoding="UTF-8"?>
<!-- Generated by org.testng.reporters.JUnitReportReporter -->
<testsuite hostname="DESKTOP-440PJJA" failures="0" tests="2" name="TestNG.TestNG_Annotations" time="0.014" errors="0" timestamp="11 May 2023 16:24:39 GMT">
  <testcase classname="TestNG.TestNG_Annotations" name="test1" time="0.006"/>
  <testcase classname="TestNG.TestNG_Annotations" name="test2" time="0.008"/>
</testsuite> <!-- TestNG.TestNG_Annotations -->
