<?xml version="1.0" encoding="UTF-8"?>
<!-- Generated by org.testng.reporters.JUnitReportReporter -->
<testsuite hostname="DESKTOP-440PJJA" failures="0" tests="6" name="TestNG.Priority" time="0.023" errors="0" timestamp="12 May 2023 05:38:07 GMT">
  <testcase classname="TestNG.Priority" name="addToCart" time="0.002"/>
  <testcase classname="TestNG.Priority" name="PaymentProceed" time="0.002"/>
  <testcase classname="TestNG.Priority" name="SearchProduct" time="0.003"/>
  <testcase classname="TestNG.Priority" name="SignOut" time="0.005"/>
  <testcase classname="TestNG.Priority" name="Login" time="0.003"/>
  <testcase classname="TestNG.Priority" name="SignUp" time="0.008"/>
</testsuite> <!-- TestNG.Priority -->
