<?xml version="1.0" encoding="UTF-8"?>
<!-- Generated by org.testng.reporters.JUnitReportReporter -->
<testsuite hostname="DESKTOP-440PJJA" failures="0" tests="1" name="TestNG.LearnParameters" time="7.425" errors="0" timestamp="16 May 2023 14:02:33 GMT">
  <testcase classname="TestNG.LearnParameters" name="LogIn" time="7.425"/>
</testsuite> <!-- TestNG.LearnParameters -->
