<?xml version="1.0" encoding="UTF-8"?>
<!-- Generated by org.testng.reporters.JUnitReportReporter -->
<testsuite hostname="DESKTOP-440PJJA" failures="0" tests="3" name="PractiseFormFilling.FormFillAutomation" time="35.767" errors="0" timestamp="18 May 2023 05:02:09 GMT">
  <testcase classname="PractiseFormFilling.FormFillAutomation" name="Login" time="10.277"/>
  <testcase classname="PractiseFormFilling.FormFillAutomation" name="Login" time="10.946"/>
  <testcase classname="PractiseFormFilling.FormFillAutomation" name="Login" time="14.544"/>
</testsuite> <!-- PractiseFormFilling.FormFillAutomation -->
