<?xml version="1.0" encoding="UTF-8"?>
<!-- Generated by org.testng.reporters.JUnitReportReporter -->
<testsuite hostname="DESKTOP-440PJJA" failures="0" tests="6" name="TestNG.Groups" time="0.016" errors="0" timestamp="16 May 2023 10:39:28 GMT">
  <testcase classname="TestNG.Groups" name="addToCartt" time="0.001"/>
  <testcase classname="TestNG.Groups" name="SignUp" time="0.001"/>
  <testcase classname="TestNG.Groups" name="SignOut" time="0.002"/>
  <testcase classname="TestNG.Groups" name="Login" time="0.008"/>
  <testcase classname="TestNG.Groups" name="PaymentProceed" time="0.001"/>
  <testcase classname="TestNG.Groups" name="SearchProduct" time="0.003"/>
</testsuite> <!-- TestNG.Groups -->
