<?xml version="1.0" encoding="UTF-8"?>
<!-- Generated by org.testng.reporters.JUnitReportReporter -->
<testsuite hostname="DESKTOP-440PJJA" failures="0" tests="2" name="TestNG_Annotations.LearnTestngANNOTATIONS" time="0.008" errors="0" timestamp="17 May 2023 08:35:28 GMT">
  <testcase classname="TestNG_Annotations.LearnTestngANNOTATIONS" name="test1" time="0.007"/>
  <testcase classname="TestNG_Annotations.LearnTestngANNOTATIONS" name="test2" time="0.001"/>
</testsuite> <!-- TestNG_Annotations.LearnTestngANNOTATIONS -->
